<?xml version="1.0" encoding="UTF-8"?>
<!-- Generated by org.testng.reporters.JUnitXMLReporter -->
<testsuite ignored="0" hostname="LovekeshMadaan.local" failures="0" tests="5" name="Default test" time="8.076" errors="0" timestamp="16 Jan 2020 05:27:20 GMT">
  <testcase classname="DATA_DRIVEN.INSERT_DATA_DRIVEN" name="insert_details" time="3.444"/>
  <testcase classname="DATA_DRIVEN.INSERT_DATA_DRIVEN" name="insert_details" time="1.181"/>
  <testcase classname="DATA_DRIVEN.INSERT_DATA_DRIVEN" name="insert_details" time="0.965"/>
  <testcase classname="DATA_DRIVEN.INSERT_DATA_DRIVEN" name="insert_details" time="0.98"/>
  <testcase classname="DATA_DRIVEN.INSERT_DATA_DRIVEN" name="setdata" time="0.041"/>
</testsuite> <!-- Default test -->
